<?xml version="1.0" encoding="UTF-8"?>
<!-- Generated by org.testng.reporters.JUnitXMLReporter -->
<testsuite hostname="DESKTOP-S9AKGNU" ignored="0" name="Command line test" tests="5" failures="5" timestamp="2022-02-10T01:09:34 EST" time="0.059" errors="0">
  <testcase name="wrongLogin" time="0.004" classname="testcases.TC003LoginNegativeTest">
    <failure type="java.lang.NullPointerException">
      <![CDATA[java.lang.NullPointerException
at testcases.TC003LoginNegativeTest.wrongLogin(TC003LoginNegativeTest.java:40)
at java.util.ArrayList.forEach(ArrayList.java:1257)
... Removed 37 stack frames]]>
    </failure>
  </testcase> <!-- wrongLogin -->
  <testcase name="wrongLogin" time="0.002" classname="testcases.TC003LoginNegativeTest">
    <failure type="java.lang.NullPointerException">
      <![CDATA[java.lang.NullPointerException
at testcases.TC003LoginNegativeTest.wrongLogin(TC003LoginNegativeTest.java:40)
at java.util.ArrayList.forEach(ArrayList.java:1257)
... Removed 37 stack frames]]>
    </failure>
  </testcase> <!-- wrongLogin -->
  <testcase name="wrongLogin" time="0.001" classname="testcases.TC003LoginNegativeTest">
    <failure type="java.lang.NullPointerException">
      <![CDATA[java.lang.NullPointerException
at testcases.TC003LoginNegativeTest.wrongLogin(TC003LoginNegativeTest.java:40)
at java.util.ArrayList.forEach(ArrayList.java:1257)
... Removed 37 stack frames]]>
    </failure>
  </testcase> <!-- wrongLogin -->
  <testcase name="wrongLogin" time="0.0" classname="testcases.TC003LoginNegativeTest">
    <failure type="java.lang.NullPointerException">
      <![CDATA[java.lang.NullPointerException
at testcases.TC003LoginNegativeTest.wrongLogin(TC003LoginNegativeTest.java:40)
at java.util.ArrayList.forEach(ArrayList.java:1257)
... Removed 37 stack frames]]>
    </failure>
  </testcase> <!-- wrongLogin -->
  <testcase name="wrongLogin" time="0.001" classname="testcases.TC003LoginNegativeTest">
    <failure type="java.lang.NullPointerException">
      <![CDATA[java.lang.NullPointerException
at testcases.TC003LoginNegativeTest.wrongLogin(TC003LoginNegativeTest.java:40)
at java.util.ArrayList.forEach(ArrayList.java:1257)
... Removed 37 stack frames]]>
    </failure>
  </testcase> <!-- wrongLogin -->
</testsuite> <!-- Command line test -->
