<?xml version="1.0" encoding="UTF-8"?>
<testng-results skipped="0" failed="0" ignored="0" total="4" passed="4">
  <reporter-output>
  </reporter-output>
  <suite name="Smoke Tests" duration-ms="12439" started-at="2022-02-11T10:16:43 EST" finished-at="2022-02-11T10:16:55 EST">
    <groups>
    </groups>
    <test name="Browse Product Test" duration-ms="2805" started-at="2022-02-11T10:16:43 EST" finished-at="2022-02-11T10:16:46 EST">
      <class name="testcases.TC005BrowseProduct">
        <test-method status="PASS" signature="browseProduct()[pri:0, instance:testcases.TC005BrowseProduct@17c386de]" name="browseProduct" duration-ms="2480" started-at="2022-02-11T10:16:43 EST" finished-at="2022-02-11T10:16:46 EST">
          <reporter-output>
          </reporter-output>
        </test-method> <!-- browseProduct -->
      </class> <!-- testcases.TC005BrowseProduct -->
    </test> <!-- Browse Product Test -->
    <test name="Login Test" duration-ms="3572" started-at="2022-02-11T10:16:46 EST" finished-at="2022-02-11T10:16:49 EST">
      <class name="testcases.TC002Login">
        <test-method status="PASS" signature="verifyLogin(java.lang.String, java.lang.String)[pri:0, instance:testcases.TC002Login@5db45159]" name="verifyLogin" duration-ms="1511" started-at="2022-02-11T10:16:47 EST" data-provider="logindata" finished-at="2022-02-11T10:16:48 EST">
          <params>
            <param index="0">
              <value>
                <![CDATA[swda@gmail.com]]>
              </value>
            </param>
            <param index="1">
              <value>
                <![CDATA[sw@12]]>
              </value>
            </param>
          </params>
          <reporter-output>
          </reporter-output>
        </test-method> <!-- verifyLogin -->
        <test-method status="PASS" signature="verifyInvalidLogin()[pri:2, instance:testcases.TC002Login@5db45159]" name="verifyInvalidLogin" duration-ms="1308" started-at="2022-02-11T10:16:48 EST" finished-at="2022-02-11T10:16:49 EST">
          <reporter-output>
          </reporter-output>
        </test-method> <!-- verifyInvalidLogin -->
      </class> <!-- testcases.TC002Login -->
    </test> <!-- Login Test -->
    <test name="Add to Cart Test" duration-ms="6011" started-at="2022-02-11T10:16:49 EST" finished-at="2022-02-11T10:16:55 EST">
      <class name="testcases.TC004AddCart">
        <test-method status="PASS" signature="init()[pri:0, instance:testcases.TC004AddCart@3745e5c6]" name="init" is-config="true" duration-ms="3580" started-at="2022-02-11T10:16:39 EST" finished-at="2022-02-11T10:16:43 EST">
          <reporter-output>
          </reporter-output>
        </test-method> <!-- init -->
        <test-method status="PASS" signature="AddToCart()[pri:0, instance:testcases.TC004AddCart@3745e5c6]" name="AddToCart" duration-ms="5976" started-at="2022-02-11T10:16:49 EST" finished-at="2022-02-11T10:16:55 EST">
          <reporter-output>
          </reporter-output>
        </test-method> <!-- AddToCart -->
        <test-method status="PASS" signature="tearDown()[pri:0, instance:testcases.TC004AddCart@3745e5c6]" name="tearDown" is-config="true" duration-ms="789" started-at="2022-02-11T10:16:56 EST" finished-at="2022-02-11T10:16:56 EST">
          <reporter-output>
          </reporter-output>
        </test-method> <!-- tearDown -->
      </class> <!-- testcases.TC004AddCart -->
    </test> <!-- Add to Cart Test -->
  </suite> <!-- Smoke Tests -->
</testng-results>
