<?xml version="1.0" encoding="UTF-8"?>
<!-- Generated by org.testng.reporters.JUnitXMLReporter -->
<testsuite hostname="DESKTOP-S9AKGNU" ignored="0" name="NegativeLogin Test" tests="5" failures="5" timestamp="2022-02-10T00:50:03 EST" time="8.32" errors="0">
  <testcase name="wrongLogin" time="1.719" classname="testcases.TC003LoginNegativeTest">
    <failure type="java.lang.AssertionError" message="expected [My Account] but found [Account Login]">
      <![CDATA[java.lang.AssertionError: expected [My Account] but found [Account Login]
at testcases.TC003LoginNegativeTest.wrongLogin(TC003LoginNegativeTest.java:60)
at java.util.ArrayList.forEach(ArrayList.java:1257)
... Removed 32 stack frames]]>
    </failure>
  </testcase> <!-- wrongLogin -->
  <testcase name="wrongLogin" time="1.215" classname="testcases.TC003LoginNegativeTest">
    <failure type="java.lang.AssertionError" message="expected [My Account] but found [Account Login]">
      <![CDATA[java.lang.AssertionError: expected [My Account] but found [Account Login]
at testcases.TC003LoginNegativeTest.wrongLogin(TC003LoginNegativeTest.java:60)
at java.util.ArrayList.forEach(ArrayList.java:1257)
... Removed 32 stack frames]]>
    </failure>
  </testcase> <!-- wrongLogin -->
  <testcase name="wrongLogin" time="1.182" classname="testcases.TC003LoginNegativeTest">
    <failure type="java.lang.AssertionError" message="expected [My Account] but found [Account Login]">
      <![CDATA[java.lang.AssertionError: expected [My Account] but found [Account Login]
at testcases.TC003LoginNegativeTest.wrongLogin(TC003LoginNegativeTest.java:60)
at java.util.ArrayList.forEach(ArrayList.java:1257)
... Removed 32 stack frames]]>
    </failure>
  </testcase> <!-- wrongLogin -->
  <testcase name="wrongLogin" time="1.263" classname="testcases.TC003LoginNegativeTest">
    <failure type="java.lang.AssertionError" message="expected [My Account] but found [Account Login]">
      <![CDATA[java.lang.AssertionError: expected [My Account] but found [Account Login]
at testcases.TC003LoginNegativeTest.wrongLogin(TC003LoginNegativeTest.java:60)
at java.util.ArrayList.forEach(ArrayList.java:1257)
... Removed 32 stack frames]]>
    </failure>
  </testcase> <!-- wrongLogin -->
  <testcase name="wrongLogin" time="1.213" classname="testcases.TC003LoginNegativeTest">
    <failure type="java.lang.AssertionError" message="expected [My Account] but found [Account Login]">
      <![CDATA[java.lang.AssertionError: expected [My Account] but found [Account Login]
at testcases.TC003LoginNegativeTest.wrongLogin(TC003LoginNegativeTest.java:60)
at java.util.ArrayList.forEach(ArrayList.java:1257)
... Removed 32 stack frames]]>
    </failure>
  </testcase> <!-- wrongLogin -->
</testsuite> <!-- NegativeLogin Test -->
